j:\cosc 2336 projects\assignment 5 - recursion - conversion of change to coins\assignment 5\assignment 5\debug\vc141.pdb
j:\cosc 2336 projects\assignment 5 - recursion - conversion of change to coins\assignment 5\assignment 5\debug\vc141.idb
j:\cosc 2336 projects\assignment 5 - recursion - conversion of change to coins\assignment 5\assignment 5\debug\source.obj
j:\cosc 2336 projects\assignment 5 - recursion - conversion of change to coins\assignment 5\debug\assignment 5.pdb
j:\cosc 2336 projects\assignment 5 - recursion - conversion of change to coins\assignment 5\assignment 5\debug\assignment 5.tlog\cl.command.1.tlog
j:\cosc 2336 projects\assignment 5 - recursion - conversion of change to coins\assignment 5\assignment 5\debug\assignment 5.tlog\cl.read.1.tlog
j:\cosc 2336 projects\assignment 5 - recursion - conversion of change to coins\assignment 5\assignment 5\debug\assignment 5.tlog\cl.write.1.tlog
j:\cosc 2336 projects\assignment 5 - recursion - conversion of change to coins\assignment 5\assignment 5\debug\assignment 5.tlog\link-cvtres.read.1.tlog
j:\cosc 2336 projects\assignment 5 - recursion - conversion of change to coins\assignment 5\assignment 5\debug\assignment 5.tlog\link-cvtres.write.1.tlog
j:\cosc 2336 projects\assignment 5 - recursion - conversion of change to coins\assignment 5\assignment 5\debug\assignment 5.tlog\link-rc.read.1.tlog
j:\cosc 2336 projects\assignment 5 - recursion - conversion of change to coins\assignment 5\assignment 5\debug\assignment 5.tlog\link-rc.write.1.tlog
j:\cosc 2336 projects\assignment 5 - recursion - conversion of change to coins\assignment 5\assignment 5\debug\assignment 5.tlog\link.23004-cvtres.read.1.tlog
j:\cosc 2336 projects\assignment 5 - recursion - conversion of change to coins\assignment 5\assignment 5\debug\assignment 5.tlog\link.23004-cvtres.write.1.tlog
j:\cosc 2336 projects\assignment 5 - recursion - conversion of change to coins\assignment 5\assignment 5\debug\assignment 5.tlog\link.23004-rc.read.1.tlog
j:\cosc 2336 projects\assignment 5 - recursion - conversion of change to coins\assignment 5\assignment 5\debug\assignment 5.tlog\link.23004-rc.write.1.tlog
j:\cosc 2336 projects\assignment 5 - recursion - conversion of change to coins\assignment 5\assignment 5\debug\assignment 5.tlog\link.23004.read.1.tlog
j:\cosc 2336 projects\assignment 5 - recursion - conversion of change to coins\assignment 5\assignment 5\debug\assignment 5.tlog\link.23004.write.1.tlog
j:\cosc 2336 projects\assignment 5 - recursion - conversion of change to coins\assignment 5\assignment 5\debug\assignment 5.tlog\link.command.1.tlog
j:\cosc 2336 projects\assignment 5 - recursion - conversion of change to coins\assignment 5\assignment 5\debug\assignment 5.tlog\link.read.1.tlog
j:\cosc 2336 projects\assignment 5 - recursion - conversion of change to coins\assignment 5\assignment 5\debug\assignment 5.tlog\link.write.1.tlog
